<?xml version="1.0" encoding="UTF-8"?>
<!-- Generated by org.testng.reporters.JUnitReportReporter -->
<testsuite skipped="0" hostname="DESKTOP-CLL7HKG" name="com.nopCommerce.testCase.Tc_Logintest_001" tests="1" failures="0" timestamp="20 Apr 2020 00:02:59 GMT" time="3.035" errors="0">
  <testcase name="Logintest" time="3.035" classname="com.nopCommerce.testCase.Tc_Logintest_001"/>
</testsuite> <!-- com.nopCommerce.testCase.Tc_Logintest_001 -->
