<?xml version="1.0" encoding="UTF-8"?>
<!-- Generated by org.testng.reporters.JUnitReportReporter -->
<testsuite skipped="0" hostname="DESKTOP-CLL7HKG" name="com.nopCommerce.testCase.Tc_AddnewCustomer_003" tests="1" failures="0" timestamp="23 Apr 2020 04:27:05 GMT" time="20.602" errors="0">
  <testcase name="AddnewCustomer" time="20.602" classname="com.nopCommerce.testCase.Tc_AddnewCustomer_003"/>
</testsuite> <!-- com.nopCommerce.testCase.Tc_AddnewCustomer_003 -->
