<?xml version="1.0" encoding="UTF-8"?>
<!-- Generated by org.testng.reporters.JUnitReportReporter -->
<testsuite skipped="0" hostname="DESKTOP-CLL7HKG" name="com.nopCommerce.testCase.Tc_LoginDDT_002" tests="4" failures="0" timestamp="19 Apr 2020 03:33:28 GMT" time="17.475" errors="0">
  <testcase name="LoginTest" time="3.654" classname="com.nopCommerce.testCase.Tc_LoginDDT_002"/>
  <testcase name="LoginTest" time="3.704" classname="com.nopCommerce.testCase.Tc_LoginDDT_002"/>
  <testcase name="LoginTest" time="4.208" classname="com.nopCommerce.testCase.Tc_LoginDDT_002"/>
  <testcase name="LoginTest" time="5.909" classname="com.nopCommerce.testCase.Tc_LoginDDT_002"/>
</testsuite> <!-- com.nopCommerce.testCase.Tc_LoginDDT_002 -->
