<?xml version="1.0" encoding="UTF-8"?>
<!-- Generated by org.testng.reporters.JUnitReportReporter -->
<testsuite skipped="0" hostname="DESKTOP-CLL7HKG" name="com.nopCommerce.testCase.Tc_SearchCustomerbyName_005" tests="1" failures="0" timestamp="25 Apr 2020 00:01:48 GMT" time="7.337" errors="0">
  <testcase name="SearchCustomerbyName" time="7.337" classname="com.nopCommerce.testCase.Tc_SearchCustomerbyName_005"/>
</testsuite> <!-- com.nopCommerce.testCase.Tc_SearchCustomerbyName_005 -->
