<?xml version="1.0" encoding="UTF-8"?>
<!-- Generated by org.testng.reporters.JUnitReportReporter -->
<testsuite skipped="0" hostname="DESKTOP-CLL7HKG" name="com.nopCommerce.testCase.Tc_SearchCustomerbyEmail_004" tests="1" failures="0" timestamp="25 Apr 2020 00:01:49 GMT" time="9.732" errors="0">
  <testcase name="SearchCustomerbyEmail" time="9.732" classname="com.nopCommerce.testCase.Tc_SearchCustomerbyEmail_004"/>
</testsuite> <!-- com.nopCommerce.testCase.Tc_SearchCustomerbyEmail_004 -->
